<?xml version="1.0" encoding="UTF-8" ?>
<testsuite tests="5" failures="0" name="ru.praktikum_services.stellarBurgers.BurgerTest" time="0.399" errors="0" skipped="0">
  <properties>
[...]
</properties>
  <testcase classname="ru.praktikum_services.stellarBurgers.BurgerTest" name="getPriceTest" time="0.391"/>
  <testcase classname="ru.praktikum_services.stellarBurgers.BurgerTest" name="addIngredientTest" time="0.002"/>
  <testcase classname="ru.praktikum_services.stellarBurgers.BurgerTest" name="moveIngredientTest" time="0.002"/>
  <testcase classname="ru.praktikum_services.stellarBurgers.BurgerTest" name="setBunsTest" time="0.002"/>
  <testcase classname="ru.praktikum_services.stellarBurgers.BurgerTest" name="removeIngredientTest" time="0.002"/>
</testsuite>